0 info it worked if it ends with ok
1 verbose cli [ 'C:\\Program Files\\nodejs\\\\node.exe',
1 verbose cli   'C:\\Program Files\\nodejs\\node_modules\\npm\\bin\\npm-cli.js',
1 verbose cli   'publish' ]
2 info using npm@2.9.1
3 info using node@v0.12.3
4 verbose node symlink C:\Program Files\nodejs\\node.exe
5 verbose publish [ '.' ]
6 silly cache add args [ '.', null ]
7 verbose cache add spec .
8 silly cache add parsed spec { raw: '.',
8 silly cache add   scope: null,
8 silly cache add   name: null,
8 silly cache add   rawSpec: '.',
8 silly cache add   spec: 'E:\\Projects\\utils\\typescript-json-check\\npm',
8 silly cache add   type: 'directory' }
9 verbose addLocalDirectory C:\Users\arvit\AppData\Roaming\npm-cache\typescript-json-check\0.0.3\package.tgz not in flight; packing
10 verbose tar pack [ 'C:\\Users\\arvit\\AppData\\Roaming\\npm-cache\\typescript-json-check\\0.0.3\\package.tgz',
10 verbose tar pack   'E:\\Projects\\utils\\typescript-json-check\\npm' ]
11 verbose tarball C:\Users\arvit\AppData\Roaming\npm-cache\typescript-json-check\0.0.3\package.tgz
12 verbose folder E:\Projects\utils\typescript-json-check\npm
13 info prepublish typescript-json-check@0.0.3
14 verbose addLocalTarball adding from inside cache C:\Users\arvit\AppData\Roaming\npm-cache\typescript-json-check\0.0.3\package.tgz
15 silly cache afterAdd typescript-json-check@0.0.3
16 verbose afterAdd C:\Users\arvit\AppData\Roaming\npm-cache\typescript-json-check\0.0.3\package\package.json not in flight; writing
17 verbose afterAdd C:\Users\arvit\AppData\Roaming\npm-cache\typescript-json-check\0.0.3\package\package.json written
18 silly publish { name: 'typescript-json-check',
18 silly publish   version: '0.0.3',
18 silly publish   description: 'Micro lib for verify JSON-object and cast it to custom type by decorator in TypeScript',
18 silly publish   main: 'lib.js',
18 silly publish   scripts: { test: 'echo "Error: no test specified" && exit 1' },
18 silly publish   repository:
18 silly publish    { type: 'git',
18 silly publish      url: 'git+https://github.com/arvitaly/typescript-json-check.git' },
18 silly publish   keywords: [ 'typescript', 'json', 'decorators' ],
18 silly publish   author: { name: 'Arvitaly' },
18 silly publish   license: 'ISC',
18 silly publish   bugs: { url: 'https://github.com/arvitaly/typescript-json-check/issues' },
18 silly publish   homepage: 'https://github.com/arvitaly/typescript-json-check#readme',
18 silly publish   readme: '# typescript-json-check\r\nMicro lib for verify JSON-object and cast it to custom type by decorator in TypeScript\r\n',
18 silly publish   readmeFilename: 'README.md',
18 silly publish   gitHead: 'b654616ace61be212630c1ca7401c7f549a36ffb',
18 silly publish   _id: 'typescript-json-check@0.0.3',
18 silly publish   _shasum: '64e980efafbb54bde6f5500a384b4f0804f76bba',
18 silly publish   _from: '.' }
19 verbose getPublishConfig undefined
20 silly mapToRegistry name typescript-json-check
21 silly mapToRegistry using default registry
22 silly mapToRegistry registry https://registry.npmjs.org/
23 silly mapToRegistry uri https://registry.npmjs.org/typescript-json-check
24 verbose publish registryBase https://registry.npmjs.org/
25 silly publish uploading C:\Users\arvit\AppData\Roaming\npm-cache\typescript-json-check\0.0.3\package.tgz
26 verbose request uri https://registry.npmjs.org/typescript-json-check
27 verbose request sending authorization for write operation
28 info attempt registry request try #1 at 02:50:06
29 verbose request using bearer token for auth
30 verbose request id 8475ef34e5708739
31 http request PUT https://registry.npmjs.org/typescript-json-check
32 http 403 https://registry.npmjs.org/typescript-json-check
33 verbose headers { 'content-type': 'application/json',
33 verbose headers   'cache-control': 'max-age=60',
33 verbose headers   'content-length': '95',
33 verbose headers   'accept-ranges': 'bytes',
33 verbose headers   date: 'Mon, 06 Jul 2015 23:50:11 GMT',
33 verbose headers   via: '1.1 varnish',
33 verbose headers   connection: 'keep-alive',
33 verbose headers   'x-served-by': 'cache-sin6920-SIN',
33 verbose headers   'x-cache': 'MISS',
33 verbose headers   'x-cache-hits': '0',
33 verbose headers   'x-timer': 'S1436226611.036775,VS0,VE873' }
34 verbose request invalidating C:\Users\arvit\AppData\Roaming\npm-cache\registry.npmjs.org\typescript-json-check on PUT
35 error publish Failed PUT 403
36 verbose stack Error: "You cannot publish over the previously published version 0.0.3." : typescript-json-check
36 verbose stack     at CachingRegistryClient.<anonymous> (C:\Program Files\nodejs\node_modules\npm\node_modules\npm-registry-client\lib\request.js:247:14)
36 verbose stack     at Request._callback (C:\Program Files\nodejs\node_modules\npm\node_modules\npm-registry-client\lib\request.js:170:14)
36 verbose stack     at Request.self.callback (C:\Program Files\nodejs\node_modules\npm\node_modules\request\request.js:368:22)
36 verbose stack     at Request.emit (events.js:110:17)
36 verbose stack     at Request.<anonymous> (C:\Program Files\nodejs\node_modules\npm\node_modules\request\request.js:1219:14)
36 verbose stack     at Request.emit (events.js:129:20)
36 verbose stack     at IncomingMessage.<anonymous> (C:\Program Files\nodejs\node_modules\npm\node_modules\request\request.js:1167:12)
36 verbose stack     at IncomingMessage.emit (events.js:129:20)
36 verbose stack     at _stream_readable.js:908:16
36 verbose stack     at process._tickCallback (node.js:355:11)
37 verbose statusCode 403
38 verbose pkgid typescript-json-check
39 verbose cwd E:\Projects\utils\typescript-json-check\npm
40 error Windows_NT 6.3.9600
41 error argv "C:\\Program Files\\nodejs\\\\node.exe" "C:\\Program Files\\nodejs\\node_modules\\npm\\bin\\npm-cli.js" "publish"
42 error node v0.12.3
43 error npm  v2.9.1
44 error code E403
45 error "You cannot publish over the previously published version 0.0.3." : typescript-json-check
46 error If you need help, you may report this error at:
46 error     <https://github.com/npm/npm/issues>
47 verbose exit [ 1, true ]
